

Starting up. 13:08.06
---------------------


Starting up. 13:15.53
---------------------


Starting up. 13:20.59
---------------------
[13:27:56]ATTACK: bloodsucker attacked Controller  (NEWHP: 200)(185,215,1)
[13:27:56]ATTACK: bloodsucker attacked Controller  (NEWHP: 165)(185,215,1)
[13:27:58]ATTACK: bloodsucker attacked Controller  (NEWHP: 132)(185,215,1)
[13:27:58]ATTACK: Controller attacked bloodsucker  (NEWHP: 300)(184,214,1)
[13:27:58]ATTACK: bloodsucker attacked Controller  (NEWHP: 98)(185,215,1)
[13:27:59]ATTACK: bloodsucker attacked Controller  (NEWHP: 63)(185,215,1)
[13:27:59]ATTACK: Controller attacked bloodsucker  (NEWHP: 300)(185,214,1)
[13:27:59]ATTACK: bloodsucker attacked Controller  (NEWHP: 29)(185,215,1)
[13:28:33]ATTACK: bloodsucker attacked Controller  (NEWHP: 200)(184,216,1)
[13:28:34]ATTACK: bloodsucker attacked Controller  (NEWHP: 169)(184,216,1)
[13:28:35]ATTACK: Controller attacked bloodsucker  (NEWHP: 273)(185,215,1)
[13:28:36]ATTACK: bloodsucker attacked Controller  (NEWHP: 139)(184,216,1)
[13:28:36]ATTACK: Controller attacked bloodsucker  (NEWHP: 248)(185,215,1)
[13:28:37]ATTACK: bloodsucker attacked Controller  (NEWHP: 105)(184,216,1)
[13:28:38]ATTACK: Controller attacked bloodsucker  (NEWHP: 220)(185,215,1)
[13:28:39]ATTACK: bloodsucker attacked Controller  (NEWHP: 75)(184,216,1)
[13:28:39]ATTACK: Controller attacked bloodsucker  (NEWHP: 194)(185,215,1)
[13:28:40]ATTACK: bloodsucker attacked Controller  (NEWHP: 42)(184,216,1)
[13:28:41]ATTACK: Controller attacked bloodsucker  (NEWHP: 165)(185,215,1)
[13:28:43]ATTACK: bloodsucker attacked Controller  (NEWHP: 9)(184,216,1)
[13:34:39]ATTACK: dog mutant attacked Avkt Kovalchick(antichaos)  (NEWHP: 100)(82,93,2)
[13:34:43]ATTACK: Avkt Kovalchick(antichaos) attacked dog mutant with tourist knife(INTENT: HELP) (DAMTYPE: BRUTE) (NEWHP: 0)(75,96,2)
[13:34:59]ATTACK: Avkt Kovalchick(antichaos) attacked dog mutant with tourist knife(INTENT: HELP) (DAMTYPE: BRUTE) (NEWHP: 0)(81,85,2)
[13:35:12]ATTACK: dog mutant attacked Avkt Kovalchick(antichaos)  (NEWHP: 89.2)(75,84,2)
[13:35:15]ATTACK: dog mutant attacked Avkt Kovalchick(antichaos)  (NEWHP: 77.5)(68,84,2)
[13:35:19]ATTACK: Avkt Kovalchick(antichaos) attacked dog mutant with tourist knife(INTENT: HELP) (DAMTYPE: BRUTE) (NEWHP: 0)(64,84,2)
